2023-05-20 22:31:06 [백앤드] info : GET /laundry 304 "세탁신청 화면으로 이동"
2023-05-20 22:31:06 [백앤드] info : GET /laundry 304 "세탁신청 화면으로 이동"
2023-05-20 22:31:06 [백앤드] info : GET /home/myPage 304 "마이페이지 화면으로 이동
2023-05-20 22:31:06 [백앤드] info : GET /home/myPage 304 "마이페이지 화면으로 이동
2023-05-20 22:31:06 [백앤드] info : GET /home/myPage 304 "마이페이지 화면으로 이동
2023-05-20 22:31:06 [백앤드] info : GET /myPage/favoriteList 304 "프로필편집 화면으로 이동"
2023-05-20 22:31:06 [백앤드] info : GET /home/myPage 304 "마이페이지 화면으로 이동
2023-05-20 22:31:06 [백앤드] info : GET /home/myPage 304 "마이페이지 화면으로 이동
2023-05-20 22:31:06 [백앤드] info : GET /home/myPage 304 "마이페이지 화면으로 이동
2023-05-20 22:31:06 [백앤드] info : GET /history 304 "이용내역 화면으로 이동"
2023-05-20 22:31:06 [백앤드] info : GET /history 304 "이용내역 화면으로 이동"
2023-05-20 22:31:06 [백앤드] info : GET /home/myPage 304 "마이페이지 화면으로 이동
2023-05-20 22:31:06 [백앤드] info : GET /home/myPage 304 "마이페이지 화면으로 이동
2023-05-20 22:31:06 [백앤드] info : GET /home/myPage 304 "마이페이지 화면으로 이동
2023-05-20 22:31:06 [백앤드] info : GET /myPage 304 "review 화면으로 이동"
2023-05-20 22:31:06 [백앤드] info : GET /home/myPage 304 "마이페이지 화면으로 이동
2023-05-20 22:31:06 [백앤드] info : GET /home/myPage 304 "마이페이지 화면으로 이동
2023-05-20 22:31:06 [백앤드] info : GET /home/myPage 304 "마이페이지 화면으로 이동
2023-05-20 22:31:06 [백앤드] info : GET /history 304 "이용내역 화면으로 이동"
2023-05-20 22:31:06 [백앤드] info : GET /history 304 "이용내역 화면으로 이동"
2023-05-20 22:31:06 [백앤드] info : GET /laundry 304 "review 화면으로 이동"
2023-05-20 22:31:06 [백앤드] info : GET /myPage 304 "review 화면으로 이동"
2023-05-20 22:31:06 [백앤드] info : GET /laundry 304 "세탁신청 화면으로 이동"
2023-05-20 22:31:06 [백앤드] info : GET /laundry 304 "세탁신청 화면으로 이동"
2023-05-20 22:32:06 [백앤드] info : GET /home/myPage 304 "마이페이지 화면으로 이동
2023-05-20 22:32:06 [백앤드] info : GET /home/myPage 304 "마이페이지 화면으로 이동
2023-05-20 22:32:06 [백앤드] info : GET /home/myPage 304 "마이페이지 화면으로 이동
2023-05-20 22:32:06 [백앤드] info : GET /laundry 304 "세탁신청 화면으로 이동"
2023-05-20 22:32:06 [백앤드] info : GET /laundry 304 "세탁신청 화면으로 이동"
2023-05-20 22:32:06 [백앤드] info : GET /history 304 "이용내역 화면으로 이동"
2023-05-20 22:32:06 [백앤드] info : GET /history 304 "이용내역 화면으로 이동"
2023-05-20 22:32:06 [백앤드] info : GET /home/myPage 304 "마이페이지 화면으로 이동
2023-05-20 22:32:06 [백앤드] info : GET /home/myPage 304 "마이페이지 화면으로 이동
2023-05-20 22:32:06 [백앤드] info : GET /home/myPage 304 "마이페이지 화면으로 이동
2023-05-20 22:32:06 [백앤드] info : GET /history 304 "이용내역 화면으로 이동"
2023-05-20 22:32:06 [백앤드] info : GET /history 304 "이용내역 화면으로 이동"
2023-05-20 22:32:06 [백앤드] info : GET /laundry 304 "review 화면으로 이동"
2023-05-20 22:33:06 [백앤드] info : GET /myPage 304 "review 화면으로 이동"
2023-05-20 22:33:06 [백앤드] info : GET /laundry 304 "세탁신청 화면으로 이동"
2023-05-20 22:33:06 [백앤드] info : GET /laundry 304 "세탁신청 화면으로 이동"
2023-05-20 22:34:06 [백앤드] info : GET /home/myPage 304 "마이페이지 화면으로 이동
2023-05-20 22:34:06 [백앤드] info : GET /home/myPage 304 "마이페이지 화면으로 이동
2023-05-20 22:34:06 [백앤드] info : GET /home/myPage 304 "마이페이지 화면으로 이동
2023-05-20 22:34:06 [백앤드] info : GET /myPage/favoriteList 304 "프로필편집 화면으로 이동"
2023-05-20 22:34:06 [백앤드] info : GET /home/myPage 304 "마이페이지 화면으로 이동
2023-05-20 22:34:06 [백앤드] info : GET /home/myPage 304 "마이페이지 화면으로 이동
2023-05-20 22:34:06 [백앤드] info : GET /home/myPage 304 "마이페이지 화면으로 이동
2023-05-20 22:34:06 [백앤드] info : GET /laundry 304 "세탁신청 화면으로 이동"
2023-05-20 22:34:06 [백앤드] info : GET /laundry 304 "세탁신청 화면으로 이동"
2023-05-20 22:34:06 [백앤드] info : GET /history 304 "이용내역 화면으로 이동"
2023-05-20 22:34:06 [백앤드] info : GET /history 304 "이용내역 화면으로 이동"
2023-05-20 22:34:06 [백앤드] info : GET /home/myPage 304 "마이페이지 화면으로 이동
2023-05-20 22:34:06 [백앤드] info : GET /home/myPage 304 "마이페이지 화면으로 이동
2023-05-20 22:34:06 [백앤드] info : GET /home/myPage 304 "마이페이지 화면으로 이동
2023-05-20 22:34:06 [백앤드] info : GET /myPage/favoriteList 304 "프로필편집 화면으로 이동"
2023-05-20 22:34:06 [백앤드] info : GET /laundry 304 "세탁신청 화면으로 이동"
2023-05-20 22:34:06 [백앤드] info : GET /laundry 304 "세탁신청 화면으로 이동"
2023-05-20 22:35:06 [백앤드] info : GET /home/laundryOrder 304 " 세탁신청주문 화면으로 이동
2023-05-20 22:35:06 [백앤드] info : GET /laundry 304 "세탁신청 화면으로 이동"
2023-05-20 22:35:06 [백앤드] info : GET /laundry 304 "세탁신청 화면으로 이동"
2023-05-20 22:35:06 [백앤드] info : GET /laundry 304 "세탁신청 화면으로 이동"
2023-05-20 22:35:06 [백앤드] info : GET /history 304 "이용내역 화면으로 이동"
2023-05-20 22:35:06 [백앤드] info : GET /history 304 "이용내역 화면으로 이동"
2023-05-20 22:35:06 [백앤드] info : GET /laundry 304 "세탁신청 화면으로 이동"
